<?xml version="1.0" encoding="UTF-8"?>
<!-- Generated by org.testng.reporters.JUnitXMLReporter -->
<testsuite ignored="0" hostname="DESKTOP-4ORC1A7" failures="0" tests="3" name="RealMobileTest" time="88.148" errors="0" timestamp="2026-06-19T16:30:17 IST">
  <testcase classname="testPackage.logintest" name="login" time="15.703"/>
  <testcase classname="testPackage.logintest" name="creation" time="46.086"/>
  <testcase classname="testPackage.logintest" name="againlogin" time="19.055"/>
</testsuite> <!-- RealMobileTest -->
