<?xml version="1.0" encoding="UTF-8"?>
<!-- Generated by org.testng.reporters.JUnitXMLReporter -->
<testsuite ignored="0" hostname="DESKTOP-4ORC1A7" failures="0" tests="4" name="RealMobileTest" time="0.801" errors="0" timestamp="2026-06-23T20:46:32 IST">
  <testcase classname="testPackage.logintest" name="login" time="0.0">
    <skipped/>
  </testcase> <!-- login -->
  <testcase classname="testPackage.logintest" name="creation" time="0.0">
    <skipped/>
  </testcase> <!-- creation -->
  <testcase classname="testPackage.logintest" name="againlogin" time="0.0">
    <skipped/>
  </testcase> <!-- againlogin -->
  <testcase classname="testPackage.logintest" name="againfreelogin" time="0.0">
    <skipped/>
  </testcase> <!-- againfreelogin -->
</testsuite> <!-- RealMobileTest -->
