<?xml version="1.0" encoding="UTF-8"?>
<testng-results ignored="0" total="8" passed="4" failed="0" skipped="4">
  <reporter-output>
  </reporter-output>
  <suite started-at="2026-06-23T20:46:31 IST" name="ParallelSuite" finished-at="2026-06-23T20:50:00 IST" duration-ms="208949">
    <groups>
    </groups>
    <test started-at="2026-06-23T20:46:31 IST" name="RealMobileTest" finished-at="2026-06-23T20:46:32 IST" duration-ms="801">
      <class name="testPackage.logintest">
        <test-method is-config="true" signature="setup(java.lang.String)[pri:0, instance:testPackage.logintest@60015ef5]" started-at="2026-06-23T20:46:31 IST" name="setup" finished-at="2026-06-23T20:46:32 IST" duration-ms="691" status="FAIL">
          <params>
            <param index="0">
              <value>
                <![CDATA[mobile]]>
              </value>
            </param>
          </params>
          <exception class="org.openqa.selenium.SessionNotCreatedException">
            <message>
              <![CDATA[Could not start a new session. Possible causes are invalid address of the remote server or browser start-up failure. 
Host info: host: 'DESKTOP-4ORC1A7', ip: '192.168.56.1'
Build info: version: '4.21.0', revision: '79ed462ef4'
System info: os.name: 'Windows 10', os.arch: 'amd64', os.version: '10.0', java.version: '17.0.10'
Driver info: io.appium.java_client.android.AndroidDriver
Command: [null, newSession {capabilities=[Capabilities {appium:appActivity: com.medzen.app.MainActivity, appium:appPackage: com.medzen.app, appium:autoGrantPermissions: true, appium:automationName: UiAutomator2, appium:deviceName: Redmi note 12 pro, appium:enforceXPath1: true, appium:ignoreHiddenApiPolicyError: true, appium:systemPort: 8202, appium:udid: v4kbnzf6w8hynfaa, appium:uiautomator2ServerLaunchTimeout: 60000, platformName: ANDROID}]}]
Capabilities {appium:appActivity: com.medzen.app.MainActivity, appium:appPackage: com.medzen.app, appium:autoGrantPermissions: true, appium:automationName: UiAutomator2, appium:deviceName: Redmi note 12 pro, appium:enforceXPath1: true, appium:ignoreHiddenApiPolicyError: true, appium:systemPort: 8202, appium:udid: v4kbnzf6w8hynfaa, appium:uiautomator2ServerLaunchTimeout: 60000, platformName: ANDROID}]]>
            </message>
            <full-stacktrace>
              <![CDATA[org.openqa.selenium.SessionNotCreatedException: Could not start a new session. Possible causes are invalid address of the remote server or browser start-up failure. 
Host info: host: 'DESKTOP-4ORC1A7', ip: '192.168.56.1'
Build info: version: '4.21.0', revision: '79ed462ef4'
System info: os.name: 'Windows 10', os.arch: 'amd64', os.version: '10.0', java.version: '17.0.10'
Driver info: io.appium.java_client.android.AndroidDriver
Command: [null, newSession {capabilities=[Capabilities {appium:appActivity: com.medzen.app.MainActivity, appium:appPackage: com.medzen.app, appium:autoGrantPermissions: true, appium:automationName: UiAutomator2, appium:deviceName: Redmi note 12 pro, appium:enforceXPath1: true, appium:ignoreHiddenApiPolicyError: true, appium:systemPort: 8202, appium:udid: v4kbnzf6w8hynfaa, appium:uiautomator2ServerLaunchTimeout: 60000, platformName: ANDROID}]}]
Capabilities {appium:appActivity: com.medzen.app.MainActivity, appium:appPackage: com.medzen.app, appium:autoGrantPermissions: true, appium:automationName: UiAutomator2, appium:deviceName: Redmi note 12 pro, appium:enforceXPath1: true, appium:ignoreHiddenApiPolicyError: true, appium:systemPort: 8202, appium:udid: v4kbnzf6w8hynfaa, appium:uiautomator2ServerLaunchTimeout: 60000, platformName: ANDROID}
at org.openqa.selenium.remote.RemoteWebDriver.execute(RemoteWebDriver.java:536)
at io.appium.java_client.AppiumDriver.startSession(AppiumDriver.java:270)
at org.openqa.selenium.remote.RemoteWebDriver.<init>(RemoteWebDriver.java:161)
at io.appium.java_client.AppiumDriver.<init>(AppiumDriver.java:91)
at io.appium.java_client.AppiumDriver.<init>(AppiumDriver.java:103)
at io.appium.java_client.android.AndroidDriver.<init>(AndroidDriver.java:109)
at basepackage.BaseClass.setup(BaseClass.java:66)
at java.base/jdk.internal.reflect.NativeMethodAccessorImpl.invoke0(Native Method)
at java.base/jdk.internal.reflect.NativeMethodAccessorImpl.invoke(NativeMethodAccessorImpl.java:77)
at java.base/jdk.internal.reflect.DelegatingMethodAccessorImpl.invoke(DelegatingMethodAccessorImpl.java:43)
at java.base/java.lang.reflect.Method.invoke(Method.java:568)
at org.testng.internal.invokers.MethodInvocationHelper.invokeMethod(MethodInvocationHelper.java:141)
at org.testng.internal.invokers.MethodInvocationHelper.invokeMethodConsideringTimeout(MethodInvocationHelper.java:71)
at org.testng.internal.invokers.ConfigInvoker.invokeConfigurationMethod(ConfigInvoker.java:400)
at org.testng.internal.invokers.ConfigInvoker.invokeConfigurations(ConfigInvoker.java:333)
at org.testng.internal.invokers.TestMethodWorker.invokeBeforeClassMethods(TestMethodWorker.java:188)
at org.testng.internal.invokers.TestMethodWorker.run(TestMethodWorker.java:128)
at java.base/java.util.ArrayList.forEach(ArrayList.java:1511)
at org.testng.TestRunner.privateRun(TestRunner.java:741)
at org.testng.TestRunner.run(TestRunner.java:616)
at org.testng.SuiteRunner.runTest(SuiteRunner.java:421)
at org.testng.SuiteRunner$SuiteWorker.run(SuiteRunner.java:463)
at org.testng.internal.thread.ThreadUtil.lambda$execute$0(ThreadUtil.java:64)
at java.base/java.util.concurrent.FutureTask.run(FutureTask.java:264)
at java.base/java.util.concurrent.ThreadPoolExecutor.runWorker(ThreadPoolExecutor.java:1136)
at java.base/java.util.concurrent.ThreadPoolExecutor$Worker.run(ThreadPoolExecutor.java:635)
at java.base/java.lang.Thread.run(Thread.java:842)
Caused by: java.io.UncheckedIOException: java.net.ConnectException
at org.openqa.selenium.remote.http.jdk.JdkHttpClient.execute0(JdkHttpClient.java:439)
at io.appium.java_client.internal.filters.AppiumIdempotencyFilter.lambda$apply$0(AppiumIdempotencyFilter.java:35)
at io.appium.java_client.internal.filters.AppiumUserAgentFilter.lambda$apply$0(AppiumUserAgentFilter.java:87)
at org.openqa.selenium.remote.http.Filter.lambda$andFinally$1(Filter.java:55)
at org.openqa.selenium.remote.http.jdk.JdkHttpClient.execute(JdkHttpClient.java:355)
at org.openqa.selenium.remote.ProtocolHandshake.createSession(ProtocolHandshake.java:89)
at org.openqa.selenium.remote.ProtocolHandshake.createSession(ProtocolHandshake.java:75)
at org.openqa.selenium.remote.ProtocolHandshake.createSession(ProtocolHandshake.java:61)
at io.appium.java_client.remote.AppiumCommandExecutor.createSession(AppiumCommandExecutor.java:176)
at io.appium.java_client.remote.AppiumCommandExecutor.execute(AppiumCommandExecutor.java:237)
at org.openqa.selenium.remote.RemoteWebDriver.execute(RemoteWebDriver.java:518)
... 26 more
Caused by: java.net.ConnectException
at java.net.http/jdk.internal.net.http.common.Utils.toConnectException(Utils.java:1055)
at java.net.http/jdk.internal.net.http.PlainHttpConnection.connectAsync(PlainHttpConnection.java:198)
at java.net.http/jdk.internal.net.http.PlainHttpConnection.checkRetryConnect(PlainHttpConnection.java:230)
at java.net.http/jdk.internal.net.http.PlainHttpConnection.lambda$connectAsync$1(PlainHttpConnection.java:206)
at java.base/java.util.concurrent.CompletableFuture.uniHandle(CompletableFuture.java:934)
at java.base/java.util.concurrent.CompletableFuture$UniHandle.tryFire(CompletableFuture.java:911)
at java.base/java.util.concurrent.CompletableFuture.postComplete(CompletableFuture.java:510)
at java.base/java.util.concurrent.CompletableFuture$AsyncSupply.run(CompletableFuture.java:1773)
... 3 more
Caused by: java.nio.channels.ClosedChannelException
at java.base/sun.nio.ch.SocketChannelImpl.ensureOpen(SocketChannelImpl.java:195)
at java.base/sun.nio.ch.SocketChannelImpl.beginConnect(SocketChannelImpl.java:760)
at java.base/sun.nio.ch.SocketChannelImpl.connect(SocketChannelImpl.java:848)
at java.net.http/jdk.internal.net.http.PlainHttpConnection.lambda$connectAsync$0(PlainHttpConnection.java:183)
at java.base/java.security.AccessController.doPrivileged(AccessController.java:569)
at java.net.http/jdk.internal.net.http.PlainHttpConnection.connectAsync(PlainHttpConnection.java:185)
... 9 more
]]>
            </full-stacktrace>
          </exception> <!-- org.openqa.selenium.SessionNotCreatedException -->
          <reporter-output>
          </reporter-output>
        </test-method> <!-- setup -->
        <test-method signature="login()[pri:-2, instance:testPackage.logintest@60015ef5]" started-at="2026-06-23T20:46:32 IST" name="login" finished-at="2026-06-23T20:46:32 IST" duration-ms="0" status="SKIP">
          <exception class="org.openqa.selenium.SessionNotCreatedException">
            <message>
              <![CDATA[Could not start a new session. Possible causes are invalid address of the remote server or browser start-up failure. 
Host info: host: 'DESKTOP-4ORC1A7', ip: '192.168.56.1'
Build info: version: '4.21.0', revision: '79ed462ef4'
System info: os.name: 'Windows 10', os.arch: 'amd64', os.version: '10.0', java.version: '17.0.10'
Driver info: io.appium.java_client.android.AndroidDriver
Command: [null, newSession {capabilities=[Capabilities {appium:appActivity: com.medzen.app.MainActivity, appium:appPackage: com.medzen.app, appium:autoGrantPermissions: true, appium:automationName: UiAutomator2, appium:deviceName: Redmi note 12 pro, appium:enforceXPath1: true, appium:ignoreHiddenApiPolicyError: true, appium:systemPort: 8202, appium:udid: v4kbnzf6w8hynfaa, appium:uiautomator2ServerLaunchTimeout: 60000, platformName: ANDROID}]}]
Capabilities {appium:appActivity: com.medzen.app.MainActivity, appium:appPackage: com.medzen.app, appium:autoGrantPermissions: true, appium:automationName: UiAutomator2, appium:deviceName: Redmi note 12 pro, appium:enforceXPath1: true, appium:ignoreHiddenApiPolicyError: true, appium:systemPort: 8202, appium:udid: v4kbnzf6w8hynfaa, appium:uiautomator2ServerLaunchTimeout: 60000, platformName: ANDROID}]]>
            </message>
            <full-stacktrace>
              <![CDATA[org.openqa.selenium.SessionNotCreatedException: Could not start a new session. Possible causes are invalid address of the remote server or browser start-up failure. 
Host info: host: 'DESKTOP-4ORC1A7', ip: '192.168.56.1'
Build info: version: '4.21.0', revision: '79ed462ef4'
System info: os.name: 'Windows 10', os.arch: 'amd64', os.version: '10.0', java.version: '17.0.10'
Driver info: io.appium.java_client.android.AndroidDriver
Command: [null, newSession {capabilities=[Capabilities {appium:appActivity: com.medzen.app.MainActivity, appium:appPackage: com.medzen.app, appium:autoGrantPermissions: true, appium:automationName: UiAutomator2, appium:deviceName: Redmi note 12 pro, appium:enforceXPath1: true, appium:ignoreHiddenApiPolicyError: true, appium:systemPort: 8202, appium:udid: v4kbnzf6w8hynfaa, appium:uiautomator2ServerLaunchTimeout: 60000, platformName: ANDROID}]}]
Capabilities {appium:appActivity: com.medzen.app.MainActivity, appium:appPackage: com.medzen.app, appium:autoGrantPermissions: true, appium:automationName: UiAutomator2, appium:deviceName: Redmi note 12 pro, appium:enforceXPath1: true, appium:ignoreHiddenApiPolicyError: true, appium:systemPort: 8202, appium:udid: v4kbnzf6w8hynfaa, appium:uiautomator2ServerLaunchTimeout: 60000, platformName: ANDROID}
at org.openqa.selenium.remote.RemoteWebDriver.execute(RemoteWebDriver.java:536)
at io.appium.java_client.AppiumDriver.startSession(AppiumDriver.java:270)
at org.openqa.selenium.remote.RemoteWebDriver.<init>(RemoteWebDriver.java:161)
at io.appium.java_client.AppiumDriver.<init>(AppiumDriver.java:91)
at io.appium.java_client.AppiumDriver.<init>(AppiumDriver.java:103)
at io.appium.java_client.android.AndroidDriver.<init>(AndroidDriver.java:109)
at basepackage.BaseClass.setup(BaseClass.java:66)
at java.base/jdk.internal.reflect.NativeMethodAccessorImpl.invoke0(Native Method)
at java.base/jdk.internal.reflect.NativeMethodAccessorImpl.invoke(NativeMethodAccessorImpl.java:77)
at java.base/jdk.internal.reflect.DelegatingMethodAccessorImpl.invoke(DelegatingMethodAccessorImpl.java:43)
at java.base/java.lang.reflect.Method.invoke(Method.java:568)
at org.testng.internal.invokers.MethodInvocationHelper.invokeMethod(MethodInvocationHelper.java:141)
at org.testng.internal.invokers.MethodInvocationHelper.invokeMethodConsideringTimeout(MethodInvocationHelper.java:71)
at org.testng.internal.invokers.ConfigInvoker.invokeConfigurationMethod(ConfigInvoker.java:400)
at org.testng.internal.invokers.ConfigInvoker.invokeConfigurations(ConfigInvoker.java:333)
at org.testng.internal.invokers.TestMethodWorker.invokeBeforeClassMethods(TestMethodWorker.java:188)
at org.testng.internal.invokers.TestMethodWorker.run(TestMethodWorker.java:128)
at java.base/java.util.ArrayList.forEach(ArrayList.java:1511)
at org.testng.TestRunner.privateRun(TestRunner.java:741)
at org.testng.TestRunner.run(TestRunner.java:616)
at org.testng.SuiteRunner.runTest(SuiteRunner.java:421)
at org.testng.SuiteRunner$SuiteWorker.run(SuiteRunner.java:463)
at org.testng.internal.thread.ThreadUtil.lambda$execute$0(ThreadUtil.java:64)
at java.base/java.util.concurrent.FutureTask.run(FutureTask.java:264)
at java.base/java.util.concurrent.ThreadPoolExecutor.runWorker(ThreadPoolExecutor.java:1136)
at java.base/java.util.concurrent.ThreadPoolExecutor$Worker.run(ThreadPoolExecutor.java:635)
at java.base/java.lang.Thread.run(Thread.java:842)
Caused by: java.io.UncheckedIOException: java.net.ConnectException
at org.openqa.selenium.remote.http.jdk.JdkHttpClient.execute0(JdkHttpClient.java:439)
at io.appium.java_client.internal.filters.AppiumIdempotencyFilter.lambda$apply$0(AppiumIdempotencyFilter.java:35)
at io.appium.java_client.internal.filters.AppiumUserAgentFilter.lambda$apply$0(AppiumUserAgentFilter.java:87)
at org.openqa.selenium.remote.http.Filter.lambda$andFinally$1(Filter.java:55)
at org.openqa.selenium.remote.http.jdk.JdkHttpClient.execute(JdkHttpClient.java:355)
at org.openqa.selenium.remote.ProtocolHandshake.createSession(ProtocolHandshake.java:89)
at org.openqa.selenium.remote.ProtocolHandshake.createSession(ProtocolHandshake.java:75)
at org.openqa.selenium.remote.ProtocolHandshake.createSession(ProtocolHandshake.java:61)
at io.appium.java_client.remote.AppiumCommandExecutor.createSession(AppiumCommandExecutor.java:176)
at io.appium.java_client.remote.AppiumCommandExecutor.execute(AppiumCommandExecutor.java:237)
at org.openqa.selenium.remote.RemoteWebDriver.execute(RemoteWebDriver.java:518)
... 26 more
Caused by: java.net.ConnectException
at java.net.http/jdk.internal.net.http.common.Utils.toConnectException(Utils.java:1055)
at java.net.http/jdk.internal.net.http.PlainHttpConnection.connectAsync(PlainHttpConnection.java:198)
at java.net.http/jdk.internal.net.http.PlainHttpConnection.checkRetryConnect(PlainHttpConnection.java:230)
at java.net.http/jdk.internal.net.http.PlainHttpConnection.lambda$connectAsync$1(PlainHttpConnection.java:206)
at java.base/java.util.concurrent.CompletableFuture.uniHandle(CompletableFuture.java:934)
at java.base/java.util.concurrent.CompletableFuture$UniHandle.tryFire(CompletableFuture.java:911)
at java.base/java.util.concurrent.CompletableFuture.postComplete(CompletableFuture.java:510)
at java.base/java.util.concurrent.CompletableFuture$AsyncSupply.run(CompletableFuture.java:1773)
... 3 more
Caused by: java.nio.channels.ClosedChannelException
at java.base/sun.nio.ch.SocketChannelImpl.ensureOpen(SocketChannelImpl.java:195)
at java.base/sun.nio.ch.SocketChannelImpl.beginConnect(SocketChannelImpl.java:760)
at java.base/sun.nio.ch.SocketChannelImpl.connect(SocketChannelImpl.java:848)
at java.net.http/jdk.internal.net.http.PlainHttpConnection.lambda$connectAsync$0(PlainHttpConnection.java:183)
at java.base/java.security.AccessController.doPrivileged(AccessController.java:569)
at java.net.http/jdk.internal.net.http.PlainHttpConnection.connectAsync(PlainHttpConnection.java:185)
... 9 more
]]>
            </full-stacktrace>
          </exception> <!-- org.openqa.selenium.SessionNotCreatedException -->
          <reporter-output>
          </reporter-output>
        </test-method> <!-- login -->
        <test-method signature="creation()[pri:-1, instance:testPackage.logintest@60015ef5]" started-at="2026-06-23T20:46:32 IST" name="creation" finished-at="2026-06-23T20:46:32 IST" depends-on-methods="testPackage.logintest.login" duration-ms="0" status="SKIP">
          <exception class="java.lang.Throwable">
            <message>
              <![CDATA[Method testPackage.logintest.creation() on instance testPackage.logintest@60015ef5 depends on not successfully finished methods 
[testPackage.logintest.login() on instance testPackage.logintest@60015ef5]]]>
            </message>
            <full-stacktrace>
              <![CDATA[java.lang.Throwable: Method testPackage.logintest.creation() on instance testPackage.logintest@60015ef5 depends on not successfully finished methods 
[testPackage.logintest.login() on instance testPackage.logintest@60015ef5]
at org.testng.internal.invokers.TestInvoker.invokeTestMethods(TestInvoker.java:159)
at org.testng.internal.invokers.TestMethodWorker.invokeTestMethods(TestMethodWorker.java:154)
at org.testng.internal.invokers.TestMethodWorker.run(TestMethodWorker.java:134)
at java.base/java.util.ArrayList.forEach(ArrayList.java:1511)
at org.testng.TestRunner.privateRun(TestRunner.java:741)
at org.testng.TestRunner.run(TestRunner.java:616)
at org.testng.SuiteRunner.runTest(SuiteRunner.java:421)
at org.testng.SuiteRunner$SuiteWorker.run(SuiteRunner.java:463)
at org.testng.internal.thread.ThreadUtil.lambda$execute$0(ThreadUtil.java:64)
at java.base/java.util.concurrent.FutureTask.run(FutureTask.java:264)
at java.base/java.util.concurrent.ThreadPoolExecutor.runWorker(ThreadPoolExecutor.java:1136)
at java.base/java.util.concurrent.ThreadPoolExecutor$Worker.run(ThreadPoolExecutor.java:635)
at java.base/java.lang.Thread.run(Thread.java:842)
]]>
            </full-stacktrace>
          </exception> <!-- java.lang.Throwable -->
          <reporter-output>
          </reporter-output>
        </test-method> <!-- creation -->
        <test-method signature="againlogin()[pri:0, instance:testPackage.logintest@60015ef5]" started-at="2026-06-23T20:46:32 IST" name="againlogin" finished-at="2026-06-23T20:46:32 IST" depends-on-methods="testPackage.logintest.creation" duration-ms="0" status="SKIP">
          <exception class="java.lang.Throwable">
            <message>
              <![CDATA[Method testPackage.logintest.againlogin() on instance testPackage.logintest@60015ef5 depends on not successfully finished methods 
[testPackage.logintest.creation() on instance testPackage.logintest@60015ef5]]]>
            </message>
            <full-stacktrace>
              <![CDATA[java.lang.Throwable: Method testPackage.logintest.againlogin() on instance testPackage.logintest@60015ef5 depends on not successfully finished methods 
[testPackage.logintest.creation() on instance testPackage.logintest@60015ef5]
at org.testng.internal.invokers.TestInvoker.invokeTestMethods(TestInvoker.java:159)
at org.testng.internal.invokers.TestMethodWorker.invokeTestMethods(TestMethodWorker.java:154)
at org.testng.internal.invokers.TestMethodWorker.run(TestMethodWorker.java:134)
at java.base/java.util.ArrayList.forEach(ArrayList.java:1511)
at org.testng.TestRunner.privateRun(TestRunner.java:741)
at org.testng.TestRunner.run(TestRunner.java:616)
at org.testng.SuiteRunner.runTest(SuiteRunner.java:421)
at org.testng.SuiteRunner$SuiteWorker.run(SuiteRunner.java:463)
at org.testng.internal.thread.ThreadUtil.lambda$execute$0(ThreadUtil.java:64)
at java.base/java.util.concurrent.FutureTask.run(FutureTask.java:264)
at java.base/java.util.concurrent.ThreadPoolExecutor.runWorker(ThreadPoolExecutor.java:1136)
at java.base/java.util.concurrent.ThreadPoolExecutor$Worker.run(ThreadPoolExecutor.java:635)
at java.base/java.lang.Thread.run(Thread.java:842)
]]>
            </full-stacktrace>
          </exception> <!-- java.lang.Throwable -->
          <reporter-output>
          </reporter-output>
        </test-method> <!-- againlogin -->
        <test-method signature="againfreelogin()[pri:1, instance:testPackage.logintest@60015ef5]" started-at="2026-06-23T20:46:32 IST" name="againfreelogin" finished-at="2026-06-23T20:46:32 IST" depends-on-methods="testPackage.logintest.againlogin" duration-ms="0" status="SKIP">
          <exception class="java.lang.Throwable">
            <message>
              <![CDATA[Method testPackage.logintest.againfreelogin() on instance testPackage.logintest@60015ef5 depends on not successfully finished methods 
[testPackage.logintest.againlogin() on instance testPackage.logintest@60015ef5]]]>
            </message>
            <full-stacktrace>
              <![CDATA[java.lang.Throwable: Method testPackage.logintest.againfreelogin() on instance testPackage.logintest@60015ef5 depends on not successfully finished methods 
[testPackage.logintest.againlogin() on instance testPackage.logintest@60015ef5]
at org.testng.internal.invokers.TestInvoker.invokeTestMethods(TestInvoker.java:159)
at org.testng.internal.invokers.TestMethodWorker.invokeTestMethods(TestMethodWorker.java:154)
at org.testng.internal.invokers.TestMethodWorker.run(TestMethodWorker.java:134)
at java.base/java.util.ArrayList.forEach(ArrayList.java:1511)
at org.testng.TestRunner.privateRun(TestRunner.java:741)
at org.testng.TestRunner.run(TestRunner.java:616)
at org.testng.SuiteRunner.runTest(SuiteRunner.java:421)
at org.testng.SuiteRunner$SuiteWorker.run(SuiteRunner.java:463)
at org.testng.internal.thread.ThreadUtil.lambda$execute$0(ThreadUtil.java:64)
at java.base/java.util.concurrent.FutureTask.run(FutureTask.java:264)
at java.base/java.util.concurrent.ThreadPoolExecutor.runWorker(ThreadPoolExecutor.java:1136)
at java.base/java.util.concurrent.ThreadPoolExecutor$Worker.run(ThreadPoolExecutor.java:635)
at java.base/java.lang.Thread.run(Thread.java:842)
]]>
            </full-stacktrace>
          </exception> <!-- java.lang.Throwable -->
          <reporter-output>
          </reporter-output>
        </test-method> <!-- againfreelogin -->
        <test-method is-config="true" signature="teardown()[pri:0, instance:testPackage.logintest@60015ef5]" started-at="2026-06-23T20:46:32 IST" name="teardown" finished-at="2026-06-23T20:46:32 IST" duration-ms="0" status="SKIP">
          <reporter-output>
          </reporter-output>
        </test-method> <!-- teardown -->
      </class> <!-- testPackage.logintest -->
    </test> <!-- RealMobileTest -->
    <test started-at="2026-06-23T20:46:31 IST" name="EmulatorTest" finished-at="2026-06-23T20:50:00 IST" duration-ms="208949">
      <class name="testPackage.logintest">
        <test-method is-config="true" signature="setup(java.lang.String)[pri:0, instance:testPackage.logintest@5aebe890]" started-at="2026-06-23T20:46:31 IST" name="setup" finished-at="2026-06-23T20:46:51 IST" duration-ms="19902" status="PASS">
          <params>
            <param index="0">
              <value>
                <![CDATA[emulator]]>
              </value>
            </param>
          </params>
          <reporter-output>
          </reporter-output>
        </test-method> <!-- setup -->
        <test-method signature="login()[pri:-2, instance:testPackage.logintest@5aebe890]" started-at="2026-06-23T20:46:51 IST" name="login" finished-at="2026-06-23T20:47:07 IST" duration-ms="16090" status="PASS">
          <reporter-output>
          </reporter-output>
        </test-method> <!-- login -->
        <test-method signature="creation()[pri:-1, instance:testPackage.logintest@5aebe890]" started-at="2026-06-23T20:47:07 IST" name="creation" finished-at="2026-06-23T20:49:02 IST" depends-on-methods="testPackage.logintest.login" duration-ms="114951" status="PASS">
          <reporter-output>
          </reporter-output>
        </test-method> <!-- creation -->
        <test-method signature="againlogin()[pri:0, instance:testPackage.logintest@5aebe890]" started-at="2026-06-23T20:49:02 IST" name="againlogin" finished-at="2026-06-23T20:49:44 IST" depends-on-methods="testPackage.logintest.creation" duration-ms="41985" status="PASS">
          <reporter-output>
          </reporter-output>
        </test-method> <!-- againlogin -->
        <test-method signature="againfreelogin()[pri:1, instance:testPackage.logintest@5aebe890]" started-at="2026-06-23T20:49:44 IST" name="againfreelogin" finished-at="2026-06-23T20:50:00 IST" depends-on-methods="testPackage.logintest.againlogin" duration-ms="15956" status="PASS">
          <reporter-output>
          </reporter-output>
        </test-method> <!-- againfreelogin -->
        <test-method is-config="true" signature="teardown()[pri:0, instance:testPackage.logintest@5aebe890]" started-at="2026-06-23T20:50:00 IST" name="teardown" finished-at="2026-06-23T20:50:00 IST" duration-ms="0" status="PASS">
          <reporter-output>
          </reporter-output>
        </test-method> <!-- teardown -->
      </class> <!-- testPackage.logintest -->
    </test> <!-- EmulatorTest -->
  </suite> <!-- ParallelSuite -->
</testng-results>
