<?xml version="1.0" encoding="UTF-8"?>
<testng-results ignored="0" total="3" passed="3" failed="0" skipped="0">
  <reporter-output>
  </reporter-output>
  <suite started-at="2026-06-19T16:28:49 IST" name="ParallelSuite" finished-at="2026-06-19T16:30:17 IST" duration-ms="88148">
    <groups>
    </groups>
    <test started-at="2026-06-19T16:28:49 IST" name="RealMobileTest" finished-at="2026-06-19T16:30:17 IST" duration-ms="88148">
      <class name="testPackage.logintest">
        <test-method is-config="true" signature="setup(java.lang.String)[pri:0, instance:testPackage.logintest@4961f6af]" started-at="2026-06-19T16:28:49 IST" name="setup" finished-at="2026-06-19T16:28:56 IST" duration-ms="7238" status="PASS">
          <params>
            <param index="0">
              <value>
                <![CDATA[mobile]]>
              </value>
            </param>
          </params>
          <reporter-output>
          </reporter-output>
        </test-method> <!-- setup -->
        <test-method signature="login()[pri:-2, instance:testPackage.logintest@4961f6af]" started-at="2026-06-19T16:28:56 IST" name="login" finished-at="2026-06-19T16:29:12 IST" duration-ms="15703" status="PASS">
          <reporter-output>
          </reporter-output>
        </test-method> <!-- login -->
        <test-method signature="creation()[pri:-1, instance:testPackage.logintest@4961f6af]" started-at="2026-06-19T16:29:12 IST" name="creation" finished-at="2026-06-19T16:29:58 IST" depends-on-methods="testPackage.logintest.login" duration-ms="46086" status="PASS">
          <reporter-output>
          </reporter-output>
        </test-method> <!-- creation -->
        <test-method signature="againlogin()[pri:0, instance:testPackage.logintest@4961f6af]" started-at="2026-06-19T16:29:58 IST" name="againlogin" finished-at="2026-06-19T16:30:17 IST" depends-on-methods="testPackage.logintest.creation" duration-ms="19055" status="PASS">
          <reporter-output>
          </reporter-output>
        </test-method> <!-- againlogin -->
        <test-method is-config="true" signature="teardown()[pri:0, instance:testPackage.logintest@4961f6af]" started-at="2026-06-19T16:30:17 IST" name="teardown" finished-at="2026-06-19T16:30:17 IST" duration-ms="1" status="PASS">
          <reporter-output>
          </reporter-output>
        </test-method> <!-- teardown -->
      </class> <!-- testPackage.logintest -->
    </test> <!-- RealMobileTest -->
  </suite> <!-- ParallelSuite -->
</testng-results>
