<?xml version="1.0" encoding="UTF-8"?>
<!-- Generated by org.testng.reporters.JUnitReportReporter -->
<testsuite hostname="DESKTOP-4ORC1A7" failures="0" tests="3" name="testPackage.logintest" time="80.012" errors="0" timestamp="2026-06-18T20:04:45 IST" skipped="0">
  <testcase classname="testPackage.logintest" name="login" time="12.728"/>
  <testcase classname="testPackage.logintest" name="creation" time="46.015"/>
  <testcase classname="testPackage.logintest" name="againlogin" time="21.269"/>
</testsuite> <!-- testPackage.logintest -->
